<?xml version="1.0" encoding="UTF-8"?>
<testsuite xmlns:xsi="http://www.w3.org/2001/XMLSchema-instance" xsi:noNamespaceSchemaLocation="https://maven.apache.org/surefire/maven-surefire-plugin/xsd/surefire-test-report.xsd" version="3.0.2" name="me.sf_JMS_Messaging.SfJmsMessagingApplicationTests" time="1.796" tests="1" errors="0" skipped="0" failures="0" flakes="0">
  <properties>
[...]
</properties>
  <testcase name="contextLoads" classname="me.sf_JMS_Messaging.SfJmsMessagingApplicationTests" time="0.418">
    <system-out><![CDATA[13:58:07.112 [main] INFO org.springframework.test.context.support.AnnotationConfigContextLoaderUtils -- Could not detect default configuration classes for test class [me.sf_JMS_Messaging.SfJmsMessagingApplicationTests]: SfJmsMessagingApplicationTests does not declare any static, non-private, non-final, nested classes annotated with @Configuration.
13:58:07.162 [main] INFO org.springframework.boot.test.context.SpringBootTestContextBootstrapper -- Found @SpringBootConfiguration me.sf_JMS_Messaging.SfJmsMessagingApplication for test class me.sf_JMS_Messaging.SfJmsMessagingApplicationTests
13:58:07.206 [main] INFO org.springframework.test.context.support.AnnotationConfigContextLoaderUtils -- Could not detect default configuration classes for test class [me.sf_JMS_Messaging.SfJmsMessagingApplicationTests]: SfJmsMessagingApplicationTests does not declare any static, non-private, non-final, nested classes annotated with @Configuration.
13:58:07.207 [main] INFO org.springframework.boot.test.context.SpringBootTestContextBootstrapper -- Found @SpringBootConfiguration me.sf_JMS_Messaging.SfJmsMessagingApplication for test class me.sf_JMS_Messaging.SfJmsMessagingApplicationTests
13:58:07.251 [main] INFO org.springframework.boot.devtools.restart.RestartApplicationListener -- Restart disabled due to context in which it is running

  .   ____          _            __ _ _
 /\\ / ___'_ __ _ _(_)_ __  __ _ \ \ \ \
( ( )\___ | '_ | '_| | '_ \/ _` | \ \ \ \
 \\/  ___)| |_)| | | | | || (_| |  ) ) ) )
  '  |____| .__|_| |_|_| |_\__, | / / / /
 =========|_|==============|___/=/_/_/_/

 :: Spring Boot ::             (v4.1.0-M4)

2026-04-20T13:58:07.420+03:00  INFO 12059 --- [sf_JMS_Messaging] [           main] m.s.SfJmsMessagingApplicationTests       : Starting SfJmsMessagingApplicationTests using Java 22.0.1 with PID 12059 (started by galinazbitneva in /Users/galinazbitneva/Documents/JAVA_projects/JMS_Messaging/Spring-JMS-messaging)
2026-04-20T13:58:07.421+03:00  INFO 12059 --- [sf_JMS_Messaging] [           main] m.s.SfJmsMessagingApplicationTests       : No active profile set, falling back to 1 default profile: "default"
2026-04-20T13:58:07.945+03:00  INFO 12059 --- [sf_JMS_Messaging] [           main] o.apache.activemq.artemis.core.server    : AMQ221000: Primary message broker is starting with configuration Broker Configuration (clustered=false,journalDirectory=/var/folders/gb/81w5jh2s24gcngkqk67m577w0000gn/T/artemis-data/journal,bindingsDirectory=data/bindings,largeMessagesDirectory=data/largemessages,pagingDirectory=data/paging)
2026-04-20T13:58:07.952+03:00  INFO 12059 --- [sf_JMS_Messaging] [           main] o.apache.activemq.artemis.core.server    : AMQ221045: libaio is not available, switching the configuration into NIO
2026-04-20T13:58:07.959+03:00  INFO 12059 --- [sf_JMS_Messaging] [           main] o.apache.activemq.artemis.core.server    : AMQ221057: Global Max Size is being adjusted to 1/2 of the JVM max size (-Xmx). being defined as 1073741824
2026-04-20T13:58:07.978+03:00  INFO 12059 --- [sf_JMS_Messaging] [           main] o.apache.activemq.artemis.core.server    : AMQ221043: Protocol module found: [artemis-server]. Adding protocol support for: CORE
2026-04-20T13:58:07.995+03:00  INFO 12059 --- [sf_JMS_Messaging] [           main] org.apache.activemq.audit.base           : AMQ601138: User anonymous@unknown is getting notification info on target resource: null
2026-04-20T13:58:07.996+03:00  INFO 12059 --- [sf_JMS_Messaging] [           main] org.apache.activemq.audit.base           : AMQ601019: User anonymous@unknown is getting mbean info on target resource: org.apache.activemq.artemis.core.management.impl.ActiveMQServerControlImpl@7da1e005
2026-04-20T13:58:07.996+03:00  INFO 12059 --- [sf_JMS_Messaging] [           main] org.apache.activemq.audit.base           : AMQ601138: User anonymous@unknown is getting notification info on target resource: ActiveMQServerImpl::name=localhost
2026-04-20T13:58:08.002+03:00  INFO 12059 --- [sf_JMS_Messaging] [           main] o.apache.activemq.artemis.core.server    : AMQ224092: Despite disabled persistence, page files will be persisted.
2026-04-20T13:58:08.007+03:00  INFO 12059 --- [sf_JMS_Messaging] [           main] o.apache.activemq.artemis.core.server    : AMQ221080: Deploying address DLQ supporting [ANYCAST]
2026-04-20T13:58:08.009+03:00  INFO 12059 --- [sf_JMS_Messaging] [           main] org.apache.activemq.audit.base           : AMQ601019: User anonymous@unknown is getting mbean info on target resource: org.apache.activemq.artemis.core.management.impl.AddressControlImpl@34edd065
2026-04-20T13:58:08.011+03:00  INFO 12059 --- [sf_JMS_Messaging] [           main] o.apache.activemq.artemis.core.server    : AMQ221003: Deploying ANYCAST queue DLQ on address DLQ
2026-04-20T13:58:08.049+03:00  INFO 12059 --- [sf_JMS_Messaging] [           main] org.apache.activemq.audit.base           : AMQ601019: User anonymous@unknown is getting mbean info on target resource: org.apache.activemq.artemis.core.management.impl.QueueControlImpl@5ed0b4e3
2026-04-20T13:58:08.050+03:00  INFO 12059 --- [sf_JMS_Messaging] [           main] o.apache.activemq.artemis.core.server    : AMQ221080: Deploying address ExpiryQueue supporting [ANYCAST]
2026-04-20T13:58:08.050+03:00  INFO 12059 --- [sf_JMS_Messaging] [           main] org.apache.activemq.audit.base           : AMQ601019: User anonymous@unknown is getting mbean info on target resource: org.apache.activemq.artemis.core.management.impl.AddressControlImpl@79ab97fd
2026-04-20T13:58:08.050+03:00  INFO 12059 --- [sf_JMS_Messaging] [           main] o.apache.activemq.artemis.core.server    : AMQ221003: Deploying ANYCAST queue ExpiryQueue on address ExpiryQueue
2026-04-20T13:58:08.050+03:00  INFO 12059 --- [sf_JMS_Messaging] [           main] org.apache.activemq.audit.base           : AMQ601019: User anonymous@unknown is getting mbean info on target resource: org.apache.activemq.artemis.core.management.impl.QueueControlImpl@3a9b41a0
2026-04-20T13:58:08.051+03:00  INFO 12059 --- [sf_JMS_Messaging] [           main] org.apache.activemq.audit.base           : AMQ601019: User anonymous@unknown is getting mbean info on target resource: org.apache.activemq.artemis.core.management.impl.AddressControlImpl@7cfb8e98
2026-04-20T13:58:08.070+03:00  INFO 12059 --- [sf_JMS_Messaging] [           main] org.apache.activemq.audit.base           : AMQ601019: User anonymous@unknown is getting mbean info on target resource: org.apache.activemq.artemis.core.management.impl.AcceptorControlImpl@4e4395c
2026-04-20T13:58:08.072+03:00  INFO 12059 --- [sf_JMS_Messaging] [           main] o.apache.activemq.artemis.core.server    : AMQ221007: Server is now active
2026-04-20T13:58:08.072+03:00  INFO 12059 --- [sf_JMS_Messaging] [           main] o.apache.activemq.artemis.core.server    : AMQ221001: Apache Artemis Message Broker version 2.53.0 [localhost, nodeID=d0704661-3ca7-11f1-a92f-3efaf4b6111a] 
2026-04-20T13:58:08.331+03:00  INFO 12059 --- [sf_JMS_Messaging] [           main] org.apache.activemq.audit.resource       : AMQ601767: CORE connection d0aa6936-3ca7-11f1-a92f-3efaf4b6111a from invm:0 created
2026-04-20T13:58:08.367+03:00  INFO 12059 --- [sf_JMS_Messaging] [vemq-localhost)] org.apache.activemq.audit.base           : AMQ601267: User anonymous@invm:0 is creating a core session on target resource ActiveMQServerImpl::name=localhost with parameters: [d0b0d1d9-3ca7-11f1-a92f-3efaf4b6111a, null, ****, 102400, RemotingConnectionImpl [ID=d0aa6936-3ca7-11f1-a92f-3efaf4b6111a, clientID=null, nodeID=d0704661-3ca7-11f1-a92f-3efaf4b6111a, transportConnection=InVMConnection [serverID=0, id=d0aa6936-3ca7-11f1-a92f-3efaf4b6111a]], false, false, false, false, null, org.apache.activemq.artemis.core.protocol.core.impl.CoreSessionCallback@15921c50, true, {}]
2026-04-20T13:58:08.386+03:00  INFO 12059 --- [sf_JMS_Messaging] [vemq-localhost)] org.apache.activemq.audit.base           : AMQ601267: User anonymous@invm:0 is creating a core session on target resource ActiveMQServerImpl::name=localhost with parameters: [d0b3df1a-3ca7-11f1-a92f-3efaf4b6111a, null, ****, 102400, RemotingConnectionImpl [ID=d0aa6936-3ca7-11f1-a92f-3efaf4b6111a, clientID=null, nodeID=d0704661-3ca7-11f1-a92f-3efaf4b6111a, transportConnection=InVMConnection [serverID=0, id=d0aa6936-3ca7-11f1-a92f-3efaf4b6111a]], false, false, false, false, null, org.apache.activemq.artemis.core.protocol.core.impl.CoreSessionCallback@5e1fc094, true, {}]
2026-04-20T13:58:08.390+03:00  INFO 12059 --- [sf_JMS_Messaging] [           main] m.s.SfJmsMessagingApplicationTests       : Started SfJmsMessagingApplicationTests in 1.145 seconds (process running for 1.693)
2026-04-20T13:58:08.392+03:00  INFO 12059 --- [sf_JMS_Messaging] [   scheduling-1] org.apache.activemq.audit.resource       : AMQ601767: CORE connection d0b4f08b-3ca7-11f1-a92f-3efaf4b6111a from invm:0 created
2026-04-20T13:58:08.394+03:00  INFO 12059 --- [sf_JMS_Messaging] [vemq-localhost)] org.apache.activemq.audit.base           : AMQ601267: User anonymous@invm:0 is creating a core session on target resource ActiveMQServerImpl::name=localhost with parameters: [d0b5179e-3ca7-11f1-a92f-3efaf4b6111a, null, ****, 102400, RemotingConnectionImpl [ID=d0b4f08b-3ca7-11f1-a92f-3efaf4b6111a, clientID=null, nodeID=d0704661-3ca7-11f1-a92f-3efaf4b6111a, transportConnection=InVMConnection [serverID=0, id=d0b4f08b-3ca7-11f1-a92f-3efaf4b6111a]], false, false, false, false, null, org.apache.activemq.artemis.core.protocol.core.impl.CoreSessionCallback@394d7e23, true, {}]
2026-04-20T13:58:08.396+03:00  INFO 12059 --- [sf_JMS_Messaging] [vemq-localhost)] org.apache.activemq.audit.base           : AMQ601267: User anonymous@invm:0 is creating a core session on target resource ActiveMQServerImpl::name=localhost with parameters: [d0b58ccf-3ca7-11f1-a92f-3efaf4b6111a, null, ****, 102400, RemotingConnectionImpl [ID=d0b4f08b-3ca7-11f1-a92f-3efaf4b6111a, clientID=null, nodeID=d0704661-3ca7-11f1-a92f-3efaf4b6111a, transportConnection=InVMConnection [serverID=0, id=d0b4f08b-3ca7-11f1-a92f-3efaf4b6111a]], true, true, false, false, null, org.apache.activemq.artemis.core.protocol.core.impl.CoreSessionCallback@2599a684, true, {}]
2026-04-20T13:58:08.402+03:00  INFO 12059 --- [sf_JMS_Messaging] [vemq-localhost)] org.apache.activemq.audit.resource       : AMQ601065: User anonymous@invm:0 is creating a queue on target resource: ServerSessionImpl(name=d0b3df1a-3ca7-11f1-a92f-3efaf4b6111a,consumers=0,txID=9,remotingConnection=RemotingConnectionImpl [ID=d0aa6936-3ca7-11f1-a92f-3efaf4b6111a, clientID=null, nodeID=d0704661-3ca7-11f1-a92f-3efaf4b6111a, transportConnection=InVMConnection [serverID=0, id=d0aa6936-3ca7-11f1-a92f-3efaf4b6111a]]) with parameters: [QueueConfiguration [id=null, name=my-hello-world, address=my-hello-world, routingType=ANYCAST, filterString=null, durable=true, user=null, maxConsumers=-1, exclusive=null, groupRebalance=null, groupRebalancePauseDispatch=null, groupBuckets=null, groupFirstKey=null, lastValue=null, lastValueKey=null, nonDestructive=null, purgeOnNoConsumers=false, enabled=null, consumersBeforeDispatch=null, delayBeforeDispatch=null, consumerPriority=null, autoDelete=null, autoDeleteDelay=null, autoDeleteMessageCount=null, ringSize=null, configurationManaged=null, temporary=false, autoCreateAddress=null, internal=null, transient=null, autoCreated=true, fqqn=null]]
2026-04-20T13:58:08.402+03:00  INFO 12059 --- [sf_JMS_Messaging] [vemq-localhost)] org.apache.activemq.audit.resource       : AMQ601065: User anonymous@invm:0 is creating a queue on target resource: ServerSessionImpl(name=d0b58ccf-3ca7-11f1-a92f-3efaf4b6111a,consumers=0,txID=13,remotingConnection=RemotingConnectionImpl [ID=d0b4f08b-3ca7-11f1-a92f-3efaf4b6111a, clientID=null, nodeID=d0704661-3ca7-11f1-a92f-3efaf4b6111a, transportConnection=InVMConnection [serverID=0, id=d0b4f08b-3ca7-11f1-a92f-3efaf4b6111a]]) with parameters: [QueueConfiguration [id=null, name=5a423dae-a2f1-4e8d-934a-915a94d90f95, address=5a423dae-a2f1-4e8d-934a-915a94d90f95, routingType=ANYCAST, filterString=null, durable=false, user=null, maxConsumers=-1, exclusive=null, groupRebalance=null, groupRebalancePauseDispatch=null, groupBuckets=null, groupFirstKey=null, lastValue=null, lastValueKey=null, nonDestructive=null, purgeOnNoConsumers=false, enabled=null, consumersBeforeDispatch=null, delayBeforeDispatch=null, consumerPriority=null, autoDelete=null, autoDeleteDelay=null, autoDeleteMessageCount=null, ringSize=null, configurationManaged=null, temporary=true, autoCreateAddress=null, internal=null, transient=null, autoCreated=false, fqqn=null]]
2026-04-20T13:58:08.403+03:00  INFO 12059 --- [sf_JMS_Messaging] [vemq-localhost)] org.apache.activemq.audit.base           : AMQ601019: User anonymous@invm:0 is getting mbean info on target resource: org.apache.activemq.artemis.core.management.impl.AddressControlImpl@38d39a63
2026-04-20T13:58:08.404+03:00  INFO 12059 --- [sf_JMS_Messaging] [vemq-localhost)] org.apache.activemq.audit.base           : AMQ601019: User anonymous@invm:0 is getting mbean info on target resource: org.apache.activemq.artemis.core.management.impl.QueueControlImpl@66443025
2026-04-20T13:58:08.404+03:00  INFO 12059 --- [sf_JMS_Messaging] [vemq-localhost)] org.apache.activemq.audit.base           : AMQ601019: User anonymous@invm:0 is getting mbean info on target resource: org.apache.activemq.artemis.core.management.impl.AddressControlImpl@4a98e11
2026-04-20T13:58:08.405+03:00  INFO 12059 --- [sf_JMS_Messaging] [vemq-localhost)] org.apache.activemq.audit.base           : AMQ601019: User anonymous@invm:0 is getting mbean info on target resource: org.apache.activemq.artemis.core.management.impl.QueueControlImpl@346a6dd1
2026-04-20T13:58:08.406+03:00  INFO 12059 --- [sf_JMS_Messaging] [vemq-localhost)] org.apache.activemq.audit.base           : AMQ601265: User anonymous@invm:0 is creating a core consumer on target resource ServerSessionImpl(name=d0b3df1a-3ca7-11f1-a92f-3efaf4b6111a,consumers=0,txID=9,remotingConnection=RemotingConnectionImpl [ID=d0aa6936-3ca7-11f1-a92f-3efaf4b6111a, clientID=null, nodeID=d0704661-3ca7-11f1-a92f-3efaf4b6111a, transportConnection=InVMConnection [serverID=0, id=d0aa6936-3ca7-11f1-a92f-3efaf4b6111a]]) with parameters: [0, my-hello-world, null, 0, false, true, null]
Sending Hello
2026-04-20T13:58:08.433+03:00  INFO 12059 --- [sf_JMS_Messaging] [vemq-localhost)] org.apache.activemq.audit.base           : AMQ601262: User anonymous@invm:0 is creating address on target resource: d0b58ccf-3ca7-11f1-a92f-3efaf4b6111a with parameters: [Address [name=receive-queue, id=0, routingTypes={ANYCAST}, autoCreated=false, paused=false, bindingRemovedTimestamp=-1, swept=false, createdTimestamp=1776682688433, temporary=false], true]
2026-04-20T13:58:08.433+03:00  INFO 12059 --- [sf_JMS_Messaging] [vemq-localhost)] org.apache.activemq.audit.base           : AMQ601019: User anonymous@invm:0 is getting mbean info on target resource: org.apache.activemq.artemis.core.management.impl.AddressControlImpl@5bc36312
2026-04-20T13:58:08.434+03:00  INFO 12059 --- [sf_JMS_Messaging] [vemq-localhost)] org.apache.activemq.audit.resource       : AMQ601065: User anonymous@invm:0 is creating a queue on target resource: ServerSessionImpl(name=d0b58ccf-3ca7-11f1-a92f-3efaf4b6111a,consumers=0,txID=13,remotingConnection=RemotingConnectionImpl [ID=d0b4f08b-3ca7-11f1-a92f-3efaf4b6111a, clientID=null, nodeID=d0704661-3ca7-11f1-a92f-3efaf4b6111a, transportConnection=InVMConnection [serverID=0, id=d0b4f08b-3ca7-11f1-a92f-3efaf4b6111a]]) with parameters: [QueueConfiguration [id=null, name=receive-queue, address=receive-queue, routingType=ANYCAST, filterString=null, durable=true, user=null, maxConsumers=-1, exclusive=null, groupRebalance=null, groupRebalancePauseDispatch=null, groupBuckets=null, groupFirstKey=null, lastValue=null, lastValueKey=null, nonDestructive=null, purgeOnNoConsumers=false, enabled=null, consumersBeforeDispatch=null, delayBeforeDispatch=null, consumerPriority=null, autoDelete=null, autoDeleteDelay=null, autoDeleteMessageCount=null, ringSize=null, configurationManaged=null, temporary=false, autoCreateAddress=null, internal=null, transient=null, autoCreated=true, fqqn=null]]
2026-04-20T13:58:08.434+03:00  INFO 12059 --- [sf_JMS_Messaging] [vemq-localhost)] org.apache.activemq.audit.base           : AMQ601019: User anonymous@invm:0 is getting mbean info on target resource: org.apache.activemq.artemis.core.management.impl.QueueControlImpl@62cb21d
2026-04-20T13:58:08.437+03:00  INFO 12059 --- [sf_JMS_Messaging] [vemq-localhost)] org.apache.activemq.audit.base           : AMQ601265: User anonymous@invm:0 is creating a core consumer on target resource ServerSessionImpl(name=d0b58ccf-3ca7-11f1-a92f-3efaf4b6111a,consumers=0,txID=13,remotingConnection=RemotingConnectionImpl [ID=d0b4f08b-3ca7-11f1-a92f-3efaf4b6111a, clientID=null, nodeID=d0704661-3ca7-11f1-a92f-3efaf4b6111a, transportConnection=InVMConnection [serverID=0, id=d0b4f08b-3ca7-11f1-a92f-3efaf4b6111a]]) with parameters: [0, 5a423dae-a2f1-4e8d-934a-915a94d90f95, null, 0, false, true, null]
2026-04-20T13:58:08.445+03:00  INFO 12059 --- [sf_JMS_Messaging] [vemq-localhost)] org.apache.activemq.audit.message        : AMQ601500: User anonymous@invm:0 sent a message CoreMessage[messageID=29, durable=true, userID=d0bbf574-3ca7-11f1-a92f-3efaf4b6111a, priority=4, timestamp=Mon Apr 20 13:58:08 MSK 2026, expiration=0, durable=true, address=receive-queue, size=586, properties=TypedProperties[__AMQ_CID=d0b5179d-3ca7-11f1-a92f-3efaf4b6111a, _type=me/sf_JMS_Messaging/model/HelloWorldMessage, JMSReplyTo=temp-queue://5a423dae-a2f1-4e8d-934a-915a94d90f95, _AMQ_ROUTING_TYPE=1]]@1810173194, context: RoutingContextImpl(Address=receive-queue, routingType=ANYCAST, PreviousAddress=receive-queue previousRoute:ANYCAST, reusable=true, version=-2147483643)
..................................................
***** durable queues receive-queue:
- queueID=24 address:receive-queue name:receive-queue filter:null
***** non durable for receive-queue:
..................................................
, transaction: null
]]></system-out>
    <system-err><![CDATA[Mockito is currently self-attaching to enable the inline-mock-maker. This will no longer work in future releases of the JDK. Please add Mockito as an agent to your build as described in Mockito's documentation: https://javadoc.io/doc/org.mockito/mockito-core/latest/org.mockito/org/mockito/Mockito.html#0.3
WARNING: A Java agent has been loaded dynamically (/Users/galinazbitneva/.m2/repository/net/bytebuddy/byte-buddy-agent/1.18.7/byte-buddy-agent-1.18.7.jar)
WARNING: If a serviceability tool is in use, please run with -XX:+EnableDynamicAgentLoading to hide this warning
WARNING: If a serviceability tool is not in use, please run with -Djdk.instrument.traceUsage for more information
WARNING: Dynamic loading of agents will be disallowed by default in a future release
]]></system-err>
  </testcase>
</testsuite>